Using pre-set license
Built from '2020.3/staging' branch; Version is '2020.3.11f1 (99c7afb366b3) revision 10078127'; Using compiler version '192528614'; Build Type 'Release'
OS: 'Windows 10 Home; OS build 19041.1052; Version 2004; 64bit' Language: 'en' Physical Memory: 8108 MB
BatchMode: 1, IsHumanControllingUs: 0, StartBugReporterOnCrash: 0, Is64bit: 1, IsPro: 0

 COMMAND LINE ARGUMENTS:
C:\Users\Thors\Desktop\New folder\2020.3.11f1\Editor\Unity.exe
-adb2
-batchMode
-noUpm
-name
AssetImportWorker0
-projectPath
C:/Users/Thors/dev/unity/projects/OverFlower
-logFile
Logs/AssetImportWorker0.log
-srvPort
51828
Successfully changed project path to: C:/Users/Thors/dev/unity/projects/OverFlower
C:/Users/Thors/dev/unity/projects/OverFlower
Using Asset Import Pipeline V2.
Refreshing native plugins compatible for Editor in 41.32 ms, found 2 plugins.
Preloading 0 native plugins for Editor in 0.00 ms.
Initialize engine version: 2020.3.11f1 (99c7afb366b3)
[Subsystems] Discovering subsystems at path C:/Users/Thors/Desktop/New folder/2020.3.11f1/Editor/Data/Resources/UnitySubsystems
[Subsystems] Discovering subsystems at path C:/Users/Thors/dev/unity/projects/OverFlower/Assets
GfxDevice: creating device client; threaded=0
Direct3D:
    Version:  Direct3D 11.0 [level 11.1]
    Renderer: Intel(R) HD Graphics 620 (ID=0x5916)
    Vendor:   
    VRAM:     4054 MB
    Driver:   26.20.100.7925
Initialize mono
Mono path[0] = 'C:/Users/Thors/Desktop/New folder/2020.3.11f1/Editor/Data/Managed'
Mono path[1] = 'C:/Users/Thors/Desktop/New folder/2020.3.11f1/Editor/Data/MonoBleedingEdge/lib/mono/unityjit'
Mono config path = 'C:/Users/Thors/Desktop/New folder/2020.3.11f1/Editor/Data/MonoBleedingEdge/etc'
Using monoOptions --debugger-agent=transport=dt_socket,embedding=1,server=y,suspend=n,address=127.0.0.1:56748
Begin MonoManager ReloadAssembly
Registering precompiled unity dll's ...
Register platform support module: C:/Users/Thors/Desktop/New folder/2020.3.11f1/Editor/Data/PlaybackEngines/WindowsStandaloneSupport/UnityEditor.WindowsStandalone.Extensions.dll
Registered in 0.002427 seconds.
Native extension for WindowsStandalone target not found
Refreshing native plugins compatible for Editor in 36.27 ms, found 2 plugins.
Preloading 0 native plugins for Editor in 0.00 ms.
Mono: successfully reloaded assembly
- Completed reload, in  2.163 seconds
Platform modules already initialized, skipping
Registering precompiled user dll's ...
Registered in 0.005085 seconds.
Begin MonoManager ReloadAssembly
Native extension for WindowsStandalone target not found
Refreshing native plugins compatible for Editor in 0.41 ms, found 2 plugins.
Preloading 0 native plugins for Editor in 0.00 ms.
Mono: successfully reloaded assembly
- Completed reload, in  1.257 seconds
Platform modules already initialized, skipping
========================================================================
Worker process is ready to serve import requests
Launched and connected shader compiler UnityShaderCompiler.exe after 0.05 seconds
Refreshing native plugins compatible for Editor in 0.38 ms, found 2 plugins.
Preloading 0 native plugins for Editor in 0.00 ms.
Unloading 1732 Unused Serialized files (Serialized files now loaded: 0)
System memory in use before: 76.1 MB.
System memory in use after: 76.1 MB.

Unloading 21 unused Assets to reduce memory usage. Loaded Objects now: 2165.
Total: 2.753300 ms (FindLiveObjects: 0.195000 ms CreateObjectMapping: 0.060600 ms MarkObjects: 2.398000 ms  DeleteObjects: 0.098500 ms)

========================================================================
Received Import Request.
  path: Assets/AR Default Plane.prefab
  artifactKey: Guid(91fb19e7a0dd5044387eb54d772c4a32) Importer(815301076,1909f56bfc062723c751e8b465ee728b)
Start importing Assets/AR Default Plane.prefab using Guid(91fb19e7a0dd5044387eb54d772c4a32) Importer(815301076,1909f56bfc062723c751e8b465ee728b)  -> (artifact id: '51a599c48ba04580ed7cc816e20dadd7') in 0.088945 seconds
  Import took 0.092559 seconds .

========================================================================
Received Prepare
Refreshing native plugins compatible for Editor in 4.39 ms, found 2 plugins.
Preloading 0 native plugins for Editor in 0.00 ms.
Unloading 13 Unused Serialized files (Serialized files now loaded: 0)
System memory in use before: 41.7 MB.
System memory in use after: 41.8 MB.

Unloading 13 unused Assets to reduce memory usage. Loaded Objects now: 2165.
Total: 3.239300 ms (FindLiveObjects: 0.190800 ms CreateObjectMapping: 0.083900 ms MarkObjects: 2.832200 ms  DeleteObjects: 0.130900 ms)

========================================================================
Received Prepare
Registering precompiled user dll's ...
Registered in 0.097582 seconds.
Begin MonoManager ReloadAssembly
Native extension for WindowsStandalone target not found
Refreshing native plugins compatible for Editor in 0.40 ms, found 2 plugins.
Preloading 0 native plugins for Editor in 0.00 ms.
Mono: successfully reloaded assembly
- Completed reload, in  1.395 seconds
Platform modules already initialized, skipping
Switching build target platform(19) subTarget(0) extendedPlatform(0) -> platform(13) subTarget(589824) extendedPlatform(0)
Refreshing native plugins compatible for Editor in 0.49 ms, found 2 plugins.
Preloading 0 native plugins for Editor in 0.00 ms.
Unloading 1726 Unused Serialized files (Serialized files now loaded: 0)
System memory in use before: 75.8 MB.
System memory in use after: 75.9 MB.

Unloading 15 unused Assets to reduce memory usage. Loaded Objects now: 2170.
Total: 2.647500 ms (FindLiveObjects: 0.191500 ms CreateObjectMapping: 0.061000 ms MarkObjects: 2.326600 ms  DeleteObjects: 0.067200 ms)

AssetImportParameters requested are different than current active one (requested -> active):
  custom:graphics/normal-map-encoding: 01000000000000000000000000000000 -> 02000000000000000000000000000000
========================================================================
Received Prepare
Refreshing native plugins compatible for Editor in 6.56 ms, found 2 plugins.
Preloading 0 native plugins for Editor in 0.00 ms.
Unloading 12 Unused Serialized files (Serialized files now loaded: 0)
System memory in use before: 41.6 MB.
System memory in use after: 41.7 MB.

Unloading 12 unused Assets to reduce memory usage. Loaded Objects now: 2170.
Total: 3.812000 ms (FindLiveObjects: 0.344700 ms CreateObjectMapping: 0.135500 ms MarkObjects: 3.244500 ms  DeleteObjects: 0.085400 ms)

========================================================================
Received Prepare
Registering precompiled user dll's ...
Registered in 0.006269 seconds.
Begin MonoManager ReloadAssembly
Native extension for WindowsStandalone target not found
Refreshing native plugins compatible for Editor in 0.63 ms, found 2 plugins.
Preloading 0 native plugins for Editor in 0.00 ms.
Mono: successfully reloaded assembly
- Completed reload, in  1.386 seconds
Platform modules already initialized, skipping
Switching build target platform(19) subTarget(0) extendedPlatform(0) -> platform(13) subTarget(589824) extendedPlatform(0)
Refreshing native plugins compatible for Editor in 0.41 ms, found 2 plugins.
Preloading 0 native plugins for Editor in 0.00 ms.
Unloading 1725 Unused Serialized files (Serialized files now loaded: 0)
System memory in use before: 75.7 MB.
System memory in use after: 75.8 MB.

Unloading 15 unused Assets to reduce memory usage. Loaded Objects now: 2174.
Total: 2.543200 ms (FindLiveObjects: 0.195100 ms CreateObjectMapping: 0.057000 ms MarkObjects: 2.226400 ms  DeleteObjects: 0.063400 ms)

AssetImportParameters requested are different than current active one (requested -> active):
  custom:graphics/normal-map-encoding: 01000000000000000000000000000000 -> 02000000000000000000000000000000
========================================================================
Received Import Request.
  Time since last request: 1104.846381 seconds.
  path: Assets
  artifactKey: Guid(00000000000000001000000000000000) Importer(815301076,1909f56bfc062723c751e8b465ee728b)
Start importing Assets using Guid(00000000000000001000000000000000) Importer(815301076,1909f56bfc062723c751e8b465ee728b)  -> (artifact id: '42d402b061de3733987d63b9cc3b64de') in 0.011388 seconds
  Import took 0.015738 seconds .

========================================================================
Received Import Request.
  Time since last request: 5.456511 seconds.
  path: Assets
  artifactKey: Guid(00000000000000001000000000000000) Importer(815301076,1909f56bfc062723c751e8b465ee728b)
Start importing Assets using Guid(00000000000000001000000000000000) Importer(815301076,1909f56bfc062723c751e8b465ee728b)  -> (artifact id: '42d402b061de3733987d63b9cc3b64de') in 0.008565 seconds
  Import took 0.022943 seconds .

========================================================================
Received Import Request.
  Time since last request: 1.932798 seconds.
  path: Assets/New Material.mat
  artifactKey: Guid(d6a05714b2fe7934eac0499b2e2eb4aa) Importer(815301076,1909f56bfc062723c751e8b465ee728b)
Start importing Assets/New Material.mat using Guid(d6a05714b2fe7934eac0499b2e2eb4aa) Importer(815301076,1909f56bfc062723c751e8b465ee728b)  -> (artifact id: '217dd71d897d1e166520b648bf5beb05') in 0.486483 seconds
  Import took 0.492102 seconds .

========================================================================
Received Import Request.
  Time since last request: 36.607823 seconds.
  path: Assets/PlacementIndicator.mat
  artifactKey: Guid(d6a05714b2fe7934eac0499b2e2eb4aa) Importer(815301076,1909f56bfc062723c751e8b465ee728b)
Start importing Assets/PlacementIndicator.mat using Guid(d6a05714b2fe7934eac0499b2e2eb4aa) Importer(815301076,1909f56bfc062723c751e8b465ee728b)  -> (artifact id: '6a2ffd4cd24a673a13d093b2ee9b525f') in 0.031409 seconds
  Import took 0.039675 seconds .

========================================================================
Received Import Request.
  Time since last request: 177.373019 seconds.
  path: Assets/PlacementMarkerBase.png
  artifactKey: Guid(9851fe5875fec83408cf619c830524db) Importer(815301076,1909f56bfc062723c751e8b465ee728b)
Start importing Assets/PlacementMarkerBase.png using Guid(9851fe5875fec83408cf619c830524db) Importer(815301076,1909f56bfc062723c751e8b465ee728b)  -> (artifact id: 'b8aa1db11e017cd06b541c3ee0c5cf0b') in 0.059713 seconds
  Import took 0.066985 seconds .

========================================================================
Received Import Request.
  Time since last request: 0.003799 seconds.
  path: Assets/PlacementMarkerBase.png
  artifactKey: Guid(9851fe5875fec83408cf619c830524db) Importer(815301076,1909f56bfc062723c751e8b465ee728b)
Start importing Assets/PlacementMarkerBase.png using Guid(9851fe5875fec83408cf619c830524db) Importer(815301076,1909f56bfc062723c751e8b465ee728b)  -> (artifact id: 'b8aa1db11e017cd06b541c3ee0c5cf0b') in 0.030792 seconds
  Import took 0.041739 seconds .

========================================================================
Received Import Request.
  Time since last request: 150.482432 seconds.
  path: Assets/PlacementIndicator.cs
  artifactKey: Guid(320d65b6c79a5f045b8990b5f9646b38) Importer(815301076,1909f56bfc062723c751e8b465ee728b)
Start importing Assets/PlacementIndicator.cs using Guid(320d65b6c79a5f045b8990b5f9646b38) Importer(815301076,1909f56bfc062723c751e8b465ee728b)  -> (artifact id: '691d15af421c57469b3fcd78a93d9e16') in 0.021561 seconds
  Import took 0.028237 seconds .

========================================================================
Received Import Request.
  Time since last request: 0.010045 seconds.
  path: Assets/PlacementIndicator.cs
  artifactKey: Guid(320d65b6c79a5f045b8990b5f9646b38) Importer(815301076,1909f56bfc062723c751e8b465ee728b)
Start importing Assets/PlacementIndicator.cs using Guid(320d65b6c79a5f045b8990b5f9646b38) Importer(815301076,1909f56bfc062723c751e8b465ee728b)  -> (artifact id: '691d15af421c57469b3fcd78a93d9e16') in 0.017857 seconds
  Import took 0.023579 seconds .

========================================================================
Received Prepare
Registering precompiled user dll's ...
Registered in 0.016491 seconds.
Begin MonoManager ReloadAssembly
Native extension for WindowsStandalone target not found
Refreshing native plugins compatible for Editor in 0.43 ms, found 2 plugins.
Preloading 0 native plugins for Editor in 0.00 ms.
Mono: successfully reloaded assembly
- Completed reload, in  1.226 seconds
Platform modules already initialized, skipping
Switching build target platform(19) subTarget(0) extendedPlatform(0) -> platform(13) subTarget(589824) extendedPlatform(0)
Refreshing native plugins compatible for Editor in 0.42 ms, found 2 plugins.
Preloading 0 native plugins for Editor in 0.00 ms.
Unloading 1726 Unused Serialized files (Serialized files now loaded: 0)
System memory in use before: 79.2 MB.
System memory in use after: 79.3 MB.

Unloading 15 unused Assets to reduce memory usage. Loaded Objects now: 2220.
Total: 3.040900 ms (FindLiveObjects: 0.199900 ms CreateObjectMapping: 0.068900 ms MarkObjects: 2.704500 ms  DeleteObjects: 0.066300 ms)

AssetImportParameters requested are different than current active one (requested -> active):
  custom:graphics/normal-map-encoding: 01000000000000000000000000000000 -> 02000000000000000000000000000000
========================================================================
Received Import Request.
  Time since last request: 292.151728 seconds.
  path: Assets/PlacementIndicator.cs
  artifactKey: Guid(320d65b6c79a5f045b8990b5f9646b38) Importer(815301076,1909f56bfc062723c751e8b465ee728b)
Start importing Assets/PlacementIndicator.cs using Guid(320d65b6c79a5f045b8990b5f9646b38) Importer(815301076,1909f56bfc062723c751e8b465ee728b)  -> (artifact id: 'f6e63b7cc1a6fcd6e94dcb9606dab7f9') in 0.009456 seconds
  Import took 0.013413 seconds .

========================================================================
Received Import Request.
  Time since last request: 95.065807 seconds.
  path: Assets/PlacementIndicator.cs
  artifactKey: Guid(320d65b6c79a5f045b8990b5f9646b38) Importer(815301076,1909f56bfc062723c751e8b465ee728b)
Start importing Assets/PlacementIndicator.cs using Guid(320d65b6c79a5f045b8990b5f9646b38) Importer(815301076,1909f56bfc062723c751e8b465ee728b)  -> (artifact id: '0c0cfcbb3dedf2f4e16a1778bcc878ee') in 0.035022 seconds
  Import took 0.047128 seconds .

========================================================================
Received Import Request.
  Time since last request: 453.476163 seconds.
  path: Assets/PlacementIndicator.mat
  artifactKey: Guid(d6a05714b2fe7934eac0499b2e2eb4aa) Importer(815301076,1909f56bfc062723c751e8b465ee728b)
Start importing Assets/PlacementIndicator.mat using Guid(d6a05714b2fe7934eac0499b2e2eb4aa) Importer(815301076,1909f56bfc062723c751e8b465ee728b)  -> (artifact id: 'f67313cd791fdda061d6f1aa4c417b02') in 0.122243 seconds
  Import took 0.127025 seconds .

========================================================================
Received Prepare
Registering precompiled user dll's ...
Registered in 0.010332 seconds.
Begin MonoManager ReloadAssembly
Native extension for WindowsStandalone target not found
Refreshing native plugins compatible for Editor in 0.41 ms, found 2 plugins.
Preloading 0 native plugins for Editor in 0.00 ms.
Mono: successfully reloaded assembly
- Completed reload, in  1.304 seconds
Platform modules already initialized, skipping
Switching build target platform(19) subTarget(0) extendedPlatform(0) -> platform(13) subTarget(589824) extendedPlatform(0)
Refreshing native plugins compatible for Editor in 0.65 ms, found 2 plugins.
Preloading 0 native plugins for Editor in 0.00 ms.
Unloading 1726 Unused Serialized files (Serialized files now loaded: 0)
System memory in use before: 79.3 MB.
System memory in use after: 79.4 MB.

Unloading 15 unused Assets to reduce memory usage. Loaded Objects now: 2226.
Total: 2.660800 ms (FindLiveObjects: 0.259300 ms CreateObjectMapping: 0.189200 ms MarkObjects: 2.115300 ms  DeleteObjects: 0.095300 ms)

AssetImportParameters requested are different than current active one (requested -> active):
  custom:graphics/normal-map-encoding: 01000000000000000000000000000000 -> 02000000000000000000000000000000
========================================================================
Received Prepare
Refreshing native plugins compatible for Editor in 11.26 ms, found 2 plugins.
Preloading 0 native plugins for Editor in 0.00 ms.
Unloading 12 Unused Serialized files (Serialized files now loaded: 0)
System memory in use before: 45.2 MB.
System memory in use after: 45.3 MB.

Unloading 12 unused Assets to reduce memory usage. Loaded Objects now: 2226.
Total: 3.186900 ms (FindLiveObjects: 0.241800 ms CreateObjectMapping: 0.107400 ms MarkObjects: 2.765800 ms  DeleteObjects: 0.070600 ms)

========================================================================
Received Prepare
Registering precompiled user dll's ...
Registered in 0.012035 seconds.
Begin MonoManager ReloadAssembly
Native extension for WindowsStandalone target not found
Refreshing native plugins compatible for Editor in 0.95 ms, found 2 plugins.
Preloading 0 native plugins for Editor in 0.00 ms.
Mono: successfully reloaded assembly
- Completed reload, in  1.273 seconds
Platform modules already initialized, skipping
Switching build target platform(19) subTarget(0) extendedPlatform(0) -> platform(13) subTarget(589824) extendedPlatform(0)
Refreshing native plugins compatible for Editor in 0.39 ms, found 2 plugins.
Preloading 0 native plugins for Editor in 0.00 ms.
Unloading 1726 Unused Serialized files (Serialized files now loaded: 0)
System memory in use before: 79.3 MB.
System memory in use after: 79.4 MB.

Unloading 15 unused Assets to reduce memory usage. Loaded Objects now: 2230.
Total: 3.138900 ms (FindLiveObjects: 0.206400 ms CreateObjectMapping: 0.076100 ms MarkObjects: 2.748600 ms  DeleteObjects: 0.103700 ms)

AssetImportParameters requested are different than current active one (requested -> active):
  custom:graphics/normal-map-encoding: 01000000000000000000000000000000 -> 02000000000000000000000000000000
========================================================================
Received Prepare
Refreshing native plugins compatible for Editor in 53.66 ms, found 2 plugins.
Preloading 0 native plugins for Editor in 0.00 ms.
Unloading 12 Unused Serialized files (Serialized files now loaded: 0)
System memory in use before: 45.2 MB.
System memory in use after: 45.3 MB.

Unloading 12 unused Assets to reduce memory usage. Loaded Objects now: 2230.
Total: 21.007900 ms (FindLiveObjects: 0.350000 ms CreateObjectMapping: 0.145900 ms MarkObjects: 20.181600 ms  DeleteObjects: 0.327600 ms)

========================================================================
Received Prepare
Refreshing native plugins compatible for Editor in 7.68 ms, found 2 plugins.
Preloading 0 native plugins for Editor in 0.00 ms.
Unloading 12 Unused Serialized files (Serialized files now loaded: 0)
System memory in use before: 45.2 MB.
System memory in use after: 45.3 MB.

Unloading 12 unused Assets to reduce memory usage. Loaded Objects now: 2230.
Total: 5.932500 ms (FindLiveObjects: 0.447900 ms CreateObjectMapping: 0.214400 ms MarkObjects: 5.130500 ms  DeleteObjects: 0.137800 ms)

========================================================================
Received Prepare
Refreshing native plugins compatible for Editor in 4.13 ms, found 2 plugins.
Preloading 0 native plugins for Editor in 0.00 ms.
Unloading 12 Unused Serialized files (Serialized files now loaded: 0)
System memory in use before: 45.2 MB.
System memory in use after: 45.3 MB.

Unloading 12 unused Assets to reduce memory usage. Loaded Objects now: 2230.
Total: 2.624200 ms (FindLiveObjects: 0.205100 ms CreateObjectMapping: 0.108600 ms MarkObjects: 2.229800 ms  DeleteObjects: 0.079100 ms)

========================================================================
Received Import Request.
  Time since last request: 1335.184818 seconds.
  path: Assets/PlacementIndicator.cs
  artifactKey: Guid(320d65b6c79a5f045b8990b5f9646b38) Importer(815301076,1909f56bfc062723c751e8b465ee728b)
Start importing Assets/PlacementIndicator.cs using Guid(320d65b6c79a5f045b8990b5f9646b38) Importer(815301076,1909f56bfc062723c751e8b465ee728b)  -> (artifact id: 'd4efdf8583e36ed8c9509bca67234117') in 0.005972 seconds
  Import took 0.012666 seconds .

========================================================================
Received Import Request.
  Time since last request: 0.002110 seconds.
  path: Assets/PlacementIndicator.cs
  artifactKey: Guid(320d65b6c79a5f045b8990b5f9646b38) Importer(815301076,1909f56bfc062723c751e8b465ee728b)
Start importing Assets/PlacementIndicator.cs using Guid(320d65b6c79a5f045b8990b5f9646b38) Importer(815301076,1909f56bfc062723c751e8b465ee728b)  -> (artifact id: 'd4efdf8583e36ed8c9509bca67234117') in 0.012974 seconds
  Import took 0.018140 seconds .

========================================================================
Received Prepare
Refreshing native plugins compatible for Editor in 4.34 ms, found 2 plugins.
Preloading 0 native plugins for Editor in 0.00 ms.
Unloading 12 Unused Serialized files (Serialized files now loaded: 0)
System memory in use before: 45.2 MB.
System memory in use after: 45.3 MB.

Unloading 12 unused Assets to reduce memory usage. Loaded Objects now: 2230.
Total: 2.807800 ms (FindLiveObjects: 0.201200 ms CreateObjectMapping: 0.079400 ms MarkObjects: 2.434500 ms  DeleteObjects: 0.091400 ms)

========================================================================
Received Prepare
Refreshing native plugins compatible for Editor in 5.85 ms, found 2 plugins.
Preloading 0 native plugins for Editor in 0.00 ms.
Unloading 12 Unused Serialized files (Serialized files now loaded: 0)
System memory in use before: 45.2 MB.
System memory in use after: 45.3 MB.

Unloading 12 unused Assets to reduce memory usage. Loaded Objects now: 2230.
Total: 3.515200 ms (FindLiveObjects: 0.297400 ms CreateObjectMapping: 0.116400 ms MarkObjects: 3.018700 ms  DeleteObjects: 0.080800 ms)

========================================================================
Received Import Request.
  Time since last request: 594.598779 seconds.
  path: Assets/ObjectSpawner.cs
  artifactKey: Guid(1e26b342ab672b6479871fabb1cf3f0b) Importer(815301076,1909f56bfc062723c751e8b465ee728b)
Start importing Assets/ObjectSpawner.cs using Guid(1e26b342ab672b6479871fabb1cf3f0b) Importer(815301076,1909f56bfc062723c751e8b465ee728b)  -> (artifact id: '158674c7df2e55ae638c9f53ba34cc3b') in 0.018369 seconds
  Import took 0.024146 seconds .

========================================================================
Received Prepare
Registering precompiled user dll's ...
Registered in 0.008990 seconds.
Begin MonoManager ReloadAssembly
Native extension for WindowsStandalone target not found
Refreshing native plugins compatible for Editor in 0.43 ms, found 2 plugins.
Preloading 0 native plugins for Editor in 0.00 ms.
Mono: successfully reloaded assembly
- Completed reload, in  1.277 seconds
Platform modules already initialized, skipping
Switching build target platform(19) subTarget(0) extendedPlatform(0) -> platform(13) subTarget(589824) extendedPlatform(0)
Refreshing native plugins compatible for Editor in 0.44 ms, found 2 plugins.
Preloading 0 native plugins for Editor in 0.00 ms.
Unloading 1727 Unused Serialized files (Serialized files now loaded: 0)
System memory in use before: 79.3 MB.
System memory in use after: 79.4 MB.

Unloading 16 unused Assets to reduce memory usage. Loaded Objects now: 2234.
Total: 2.576600 ms (FindLiveObjects: 0.220000 ms CreateObjectMapping: 0.090200 ms MarkObjects: 2.186700 ms  DeleteObjects: 0.078600 ms)

AssetImportParameters requested are different than current active one (requested -> active):
  custom:graphics/normal-map-encoding: 01000000000000000000000000000000 -> 02000000000000000000000000000000
========================================================================
Received Prepare
Registering precompiled user dll's ...
Registered in 0.007090 seconds.
Begin MonoManager ReloadAssembly
Native extension for WindowsStandalone target not found
Refreshing native plugins compatible for Editor in 0.43 ms, found 2 plugins.
Preloading 0 native plugins for Editor in 0.00 ms.
Mono: successfully reloaded assembly
- Completed reload, in  1.289 seconds
Platform modules already initialized, skipping
Switching build target platform(19) subTarget(0) extendedPlatform(0) -> platform(13) subTarget(589824) extendedPlatform(0)
Refreshing native plugins compatible for Editor in 0.43 ms, found 2 plugins.
Preloading 0 native plugins for Editor in 0.00 ms.
Unloading 1728 Unused Serialized files (Serialized files now loaded: 0)
System memory in use before: 79.4 MB.
System memory in use after: 79.5 MB.

Unloading 16 unused Assets to reduce memory usage. Loaded Objects now: 2238.
Total: 2.650100 ms (FindLiveObjects: 0.253300 ms CreateObjectMapping: 0.075900 ms MarkObjects: 2.241400 ms  DeleteObjects: 0.078200 ms)

AssetImportParameters requested are different than current active one (requested -> active):
  custom:graphics/normal-map-encoding: 01000000000000000000000000000000 -> 02000000000000000000000000000000
========================================================================
Received Import Request.
  Time since last request: 608.809235 seconds.
  path: Assets/Hyophorbe_lagenicaulis_.obj
  artifactKey: Guid(3b4c3c58f6539a44084bbd6136e6c36a) Importer(815301076,1909f56bfc062723c751e8b465ee728b)
Start importing Assets/Hyophorbe_lagenicaulis_.obj using Guid(3b4c3c58f6539a44084bbd6136e6c36a) Importer(815301076,1909f56bfc062723c751e8b465ee728b)  -> (artifact id: 'd45d3c6e16f472f51b93a5302e85114f') in 0.212000 seconds
  Import took 0.217133 seconds .

========================================================================
Received Import Request.
  Time since last request: 105.507148 seconds.
  path: Assets/PlacedObject.prefab
  artifactKey: Guid(efbe711847efe674b954e6d44b9f5ae4) Importer(815301076,1909f56bfc062723c751e8b465ee728b)
Start importing Assets/PlacedObject.prefab using Guid(efbe711847efe674b954e6d44b9f5ae4) Importer(815301076,1909f56bfc062723c751e8b465ee728b)  -> (artifact id: '3075458320dcce0d5c811320b18dac6d') in 0.032533 seconds
  Import took 0.042960 seconds .

========================================================================
Received Import Request.
  Time since last request: 0.003896 seconds.
  path: Assets/PlacedObject.prefab
  artifactKey: Guid(efbe711847efe674b954e6d44b9f5ae4) Importer(815301076,1909f56bfc062723c751e8b465ee728b)
Start importing Assets/PlacedObject.prefab using Guid(efbe711847efe674b954e6d44b9f5ae4) Importer(815301076,1909f56bfc062723c751e8b465ee728b)  -> (artifact id: '3075458320dcce0d5c811320b18dac6d') in 0.017966 seconds
  Import took 0.025541 seconds .

========================================================================
Received Prepare
Refreshing native plugins compatible for Editor in 6.71 ms, found 2 plugins.
Preloading 0 native plugins for Editor in 0.00 ms.
Unloading 13 Unused Serialized files (Serialized files now loaded: 0)
System memory in use before: 45.7 MB.
System memory in use after: 45.8 MB.

Unloading 12 unused Assets to reduce memory usage. Loaded Objects now: 2243.
Total: 4.692400 ms (FindLiveObjects: 0.233200 ms CreateObjectMapping: 0.145800 ms MarkObjects: 4.209400 ms  DeleteObjects: 0.102000 ms)

AssetImportWorkerClient::OnTransportError - code=2 error=End of file
